<?xml version="1.0" encoding="UTF-8"?>
<!-- Generated by org.testng.reporters.JUnitReportReporter -->
<testsuite skipped="0" hostname="LAPTOP-JTAFEJOR" name="Qaclickacademy.OptimisingScript" tests="1" failures="0" timestamp="2019-11-21T21:34:58 IST" time="3.096" errors="0">
  <testcase name="postdata" time="3.096" classname="Qaclickacademy.OptimisingScript"/>
</testsuite> <!-- Qaclickacademy.OptimisingScript -->
