<?xml version="1.0" encoding="UTF-8"?>
<!-- Generated by org.testng.reporters.JUnitReportReporter -->
<testsuite skipped="0" hostname="LAPTOP-JTAFEJOR" name="Qaclickacademy.SeleniumTest" tests="2" failures="0" timestamp="22 Nov 2019 16:48:27 GMT" time="0.001" errors="0">
  <testcase name="Test1" time="0.000" classname="Qaclickacademy.SeleniumTest"/>
  <testcase name="Test2" time="0.001" classname="Qaclickacademy.SeleniumTest"/>
</testsuite> <!-- Qaclickacademy.SeleniumTest -->
