<?xml version="1.0" encoding="UTF-8"?>
<!-- Generated by org.testng.reporters.JUnitReportReporter -->
<testsuite skipped="0" hostname="LAPTOP-JTAFEJOR" name="Qaclickacademy.RestAssuredTest" tests="1" failures="0" timestamp="22 Nov 2019 16:48:27 GMT" time="0.007" errors="0">
  <testcase name="rest" time="0.007" classname="Qaclickacademy.RestAssuredTest"/>
</testsuite> <!-- Qaclickacademy.RestAssuredTest -->
